# JRE version: OpenJDK Runtime Environment (11.0.10) (build 11.0.10+0-b96-7249189)
# Java VM: OpenJDK 64-Bit Server VM (11.0.10+0-b96-7249189, mixed mode, tiered, compressed oops, g1 gc, windows-amd64)
Heap:
 garbage-first heap   total 260096K, used 138541K [0x0000000080000000, 0x0000000100000000)
  region size 1024K, 96 young (98304K), 3 survivors (3072K)
 Metaspace       used 66078K, capacity 67678K, committed 67788K, reserved 1107968K
  class space    used 8366K, capacity 8952K, committed 8960K, reserved 1048576K
GC Heap History (16 events):
Event: 0.727 GC heap before
{Heap before GC invocations=0 (full 0):
 garbage-first heap   total 260096K, used 29696K [0x0000000080000000, 0x0000000100000000)
  region size 1024K, 24 young (24576K), 0 survivors (0K)
 Metaspace       used 10179K, capacity 10363K, committed 10624K, reserved 1058816K
  class space    used 1064K, capacity 1141K, committed 1152K, reserved 1048576K
}
Event: 0.732 GC heap after
{Heap after GC invocations=1 (full 0):
 garbage-first heap   total 260096K, used 9317K [0x0000000080000000, 0x0000000100000000)
  region size 1024K, 3 young (3072K), 3 survivors (3072K)
 Metaspace       used 10179K, capacity 10363K, committed 10624K, reserved 1058816K
  class space    used 1064K, capacity 1141K, committed 1152K, reserved 1048576K
}
Event: 2.499 GC heap before
{Heap before GC invocations=1 (full 0):
 garbage-first heap   total 260096K, used 105573K [0x0000000080000000, 0x0000000100000000)
  region size 1024K, 98 young (100352K), 3 survivors (3072K)
 Metaspace       used 20623K, capacity 21124K, committed 21248K, reserved 1067008K
  class space    used 2520K, capacity 2722K, committed 2816K, reserved 1048576K
}
Event: 2.509 GC heap after
{Heap after GC invocations=2 (full 0):
 garbage-first heap   total 260096K, used 16474K [0x0000000080000000, 0x0000000100000000)
  region size 1024K, 10 young (10240K), 10 survivors (10240K)
 Metaspace       used 20623K, capacity 21124K, committed 21248K, reserved 1067008K
  class space    used 2520K, capacity 2722K, committed 2816K, reserved 1048576K
}
Event: 2.694 GC heap before
{Heap before GC invocations=3 (full 0):
 garbage-first heap   total 260096K, used 39002K [0x0000000080000000, 0x0000000100000000)
  region size 1024K, 32 young (32768K), 10 survivors (10240K)
 Metaspace       used 22441K, capacity 22998K, committed 23168K, reserved 1069056K
  class space    used 2860K, capacity 3074K, committed 3200K, reserved 1048576K
}
Event: 2.699 GC heap after
{Heap after GC invocations=4 (full 0):
 garbage-first heap   total 260096K, used 17290K [0x0000000080000000, 0x0000000100000000)
  region size 1024K, 1 young (1024K), 1 survivors (1024K)
 Metaspace       used 22441K, capacity 22998K, committed 23168K, reserved 1069056K
  class space    used 2860K, capacity 3074K, committed 3200K, reserved 1048576K
}
Event: 3.523 GC heap before
{Heap before GC invocations=4 (full 0):
 garbage-first heap   total 260096K, used 85898K [0x0000000080000000, 0x0000000100000000)
  region size 1024K, 68 young (69632K), 1 survivors (1024K)
 Metaspace       used 29302K, capacity 30007K, committed 30080K, reserved 1075200K
  class space    used 3932K, capacity 4178K, committed 4224K, reserved 1048576K
}
Event: 3.526 GC heap after
{Heap after GC invocations=5 (full 0):
 garbage-first heap   total 260096K, used 19277K [0x0000000080000000, 0x0000000100000000)
  region size 1024K, 3 young (3072K), 3 survivors (3072K)
 Metaspace       used 29302K, capacity 30007K, committed 30080K, reserved 1075200K
  class space    used 3932K, capacity 4178K, committed 4224K, reserved 1048576K
}
Event: 4.034 GC heap before
{Heap before GC invocations=5 (full 0):
 garbage-first heap   total 260096K, used 38733K [0x0000000080000000, 0x0000000100000000)
  region size 1024K, 24 young (24576K), 3 survivors (3072K)
 Metaspace       used 35033K, capacity 35798K, committed 35840K, reserved 1081344K
  class space    used 4541K, capacity 4832K, committed 4864K, reserved 1048576K
}
Event: 4.044 GC heap after
{Heap after GC invocations=6 (full 0):
 garbage-first heap   total 260096K, used 21803K [0x0000000080000000, 0x0000000100000000)
  region size 1024K, 6 young (6144K), 6 survivors (6144K)
 Metaspace       used 35033K, capacity 35798K, committed 35840K, reserved 1081344K
  class space    used 4541K, capacity 4832K, committed 4864K, reserved 1048576K
}
Event: 5.498 GC heap before
{Heap before GC invocations=7 (full 0):
 garbage-first heap   total 260096K, used 122155K [0x0000000080000000, 0x0000000100000000)
  region size 1024K, 100 young (102400K), 6 survivors (6144K)
 Metaspace       used 42944K, capacity 43988K, committed 44288K, reserved 1087488K
  class space    used 5482K, capacity 5823K, committed 5888K, reserved 1048576K
}
Event: 5.509 GC heap after
{Heap after GC invocations=8 (full 0):
 garbage-first heap   total 260096K, used 27998K [0x0000000080000000, 0x0000000100000000)
  region size 1024K, 12 young (12288K), 12 survivors (12288K)
 Metaspace       used 42944K, capacity 43988K, committed 44288K, reserved 1087488K
  class space    used 5482K, capacity 5823K, committed 5888K, reserved 1048576K
}
Event: 8.347 GC heap before
{Heap before GC invocations=8 (full 0):
 garbage-first heap   total 260096K, used 135518K [0x0000000080000000, 0x0000000100000000)
  region size 1024K, 114 young (116736K), 12 survivors (12288K)
 Metaspace       used 50189K, capacity 51532K, committed 51712K, reserved 1093632K
  class space    used 6401K, capacity 6851K, committed 6912K, reserved 1048576K
}
Event: 8.366 GC heap after
{Heap after GC invocations=9 (full 0):
 garbage-first heap   total 260096K, used 41445K [0x0000000080000000, 0x0000000100000000)
  region size 1024K, 15 young (15360K), 15 survivors (15360K)
 Metaspace       used 50189K, capacity 51532K, committed 51712K, reserved 1093632K
  class space    used 6401K, capacity 6851K, committed 6912K, reserved 1048576K
}
Event: 9.408 GC heap before
{Heap before GC invocations=9 (full 0):
 garbage-first heap   total 260096K, used 92645K [0x0000000080000000, 0x0000000100000000)
  region size 1024K, 66 young (67584K), 15 survivors (15360K)
 Metaspace       used 58470K, capacity 59979K, committed 60160K, reserved 1101824K
  class space    used 7383K, capacity 7936K, committed 7936K, reserved 1048576K
}
Event: 9.429 GC heap after
{Heap after GC invocations=10 (full 0):
 garbage-first heap   total 260096K, used 44333K [0x0000000080000000, 0x0000000100000000)
  region size 1024K, 3 young (3072K), 3 survivors (3072K)
 Metaspace       used 58470K, capacity 59979K, committed 60160K, reserved 1101824K
  class space    used 7383K, capacity 7936K, committed 7936K, reserved 1048576K
}

